Flow report for SYSTEM
Thu May 21 03:23:17 2015
Quartus II 64-Bit Version 13.0.1 Build 232 06/12/2013 Service Pack 1 SJ Full Version


---------------------
; Table of Contents ;
---------------------
  1. Legal Notice
  2. Flow Summary
  3. Flow Settings
  4. Flow Non-Default Global Settings
  5. Flow Elapsed Time
  6. Flow OS Summary
  7. Flow Log
  8. Flow Messages
  9. Flow Suppressed Messages



----------------
; Legal Notice ;
----------------
Copyright (C) 1991-2013 Altera Corporation
Your use of Altera Corporation's design tools, logic functions 
and other software and tools, and its AMPP partner logic 
functions, and any output files from any of the foregoing 
(including device programming or simulation files), and any 
associated documentation or information are expressly subject 
to the terms and conditions of the Altera Program License 
Subscription Agreement, Altera MegaCore Function License 
Agreement, or other applicable license agreement, including, 
without limitation, that your use is for the sole purpose of 
programming logic devices manufactured by Altera and sold by 
Altera or its authorized distributors.  Please refer to the 
applicable agreement for further details.



+---------------------------------------------------------------------------------------+
; Flow Summary                                                                          ;
+------------------------------------+--------------------------------------------------+
; Flow Status                        ; Successful - Thu May 21 03:23:14 2015            ;
; Quartus II 64-Bit Version          ; 13.0.1 Build 232 06/12/2013 SP 1 SJ Full Version ;
; Revision Name                      ; SYSTEM                                           ;
; Top-level Entity Name              ; main                                             ;
; Family                             ; Cyclone II                                       ;
; Device                             ; EP2C70F896C6                                     ;
; Timing Models                      ; Final                                            ;
; Total logic elements               ; 326 / 68,416 ( < 1 % )                           ;
;     Total combinational functions  ; 272 / 68,416 ( < 1 % )                           ;
;     Dedicated logic registers      ; 201 / 68,416 ( < 1 % )                           ;
; Total registers                    ; 201                                              ;
; Total pins                         ; 170 / 622 ( 27 % )                               ;
; Total virtual pins                 ; 0                                                ;
; Total memory bits                  ; 245,760 / 1,152,000 ( 21 % )                     ;
; Embedded Multiplier 9-bit elements ; 0 / 300 ( 0 % )                                  ;
; Total PLLs                         ; 1 / 4 ( 25 % )                                   ;
+------------------------------------+--------------------------------------------------+


+-----------------------------------------+
; Flow Settings                           ;
+-------------------+---------------------+
; Option            ; Setting             ;
+-------------------+---------------------+
; Start date & time ; 05/21/2015 03:22:48 ;
; Main task         ; Compilation         ;
; Revision Name     ; SYSTEM              ;
+-------------------+---------------------+


+--------------------------------------------------------------------------------------------------------------+
; Flow Non-Default Global Settings                                                                             ;
+-------------------------------------+-----------------------------+---------------+-------------+------------+
; Assignment Name                     ; Value                       ; Default Value ; Entity Name ; Section Id ;
+-------------------------------------+-----------------------------+---------------+-------------+------------+
; COMPILER_SIGNATURE_ID               ; 24062491136.143214256734728 ; --            ; --          ; --         ;
; FLOW_ENABLE_IO_ASSIGNMENT_ANALYSIS  ; On                          ; Off           ; --          ; --         ;
; MAX_CORE_JUNCTION_TEMP              ; 85                          ; --            ; --          ; --         ;
; MIN_CORE_JUNCTION_TEMP              ; 0                           ; --            ; --          ; --         ;
; PARTITION_COLOR                     ; 16764057                    ; --            ; main        ; Top        ;
; PARTITION_FITTER_PRESERVATION_LEVEL ; PLACEMENT_AND_ROUTING       ; --            ; main        ; Top        ;
; PARTITION_NETLIST_TYPE              ; SOURCE                      ; --            ; main        ; Top        ;
; SMART_RECOMPILE                     ; On                          ; Off           ; --          ; --         ;
; TOP_LEVEL_ENTITY                    ; main                        ; SYSTEM        ; --          ; --         ;
+-------------------------------------+-----------------------------+---------------+-------------+------------+


+-------------------------------------------------------------------------------------------------------------------------------+
; Flow Elapsed Time                                                                                                             ;
+---------------------------+--------------+-------------------------+---------------------+------------------------------------+
; Module Name               ; Elapsed Time ; Average Processors Used ; Peak Virtual Memory ; Total CPU Time (on all processors) ;
+---------------------------+--------------+-------------------------+---------------------+------------------------------------+
; Analysis & Synthesis      ; 00:00:03     ; 1.0                     ; 464 MB              ; 00:00:02                           ;
; I/O Assignment Analysis   ; 00:00:04     ; 1.0                     ; 699 MB              ; 00:00:03                           ;
; Fitter                    ; 00:00:13     ; 1.5                     ; 1143 MB             ; 00:00:17                           ;
; Assembler                 ; 00:00:05     ; 1.0                     ; 444 MB              ; 00:00:03                           ;
; TimeQuest Timing Analyzer ; 00:00:03     ; 1.0                     ; 461 MB              ; 00:00:01                           ;
; Total                     ; 00:00:28     ; --                      ; --                  ; 00:00:26                           ;
+---------------------------+--------------+-------------------------+---------------------+------------------------------------+


+----------------------------------------------------------------------------------------+
; Flow OS Summary                                                                        ;
+---------------------------+------------------+-----------+------------+----------------+
; Module Name               ; Machine Hostname ; OS Name   ; OS Version ; Processor type ;
+---------------------------+------------------+-----------+------------+----------------+
; Analysis & Synthesis      ; MrBigBear-PC     ; Windows 7 ; 6.1        ; x86_64         ;
; I/O Assignment Analysis   ; MrBigBear-PC     ; Windows 7 ; 6.1        ; x86_64         ;
; Fitter                    ; MrBigBear-PC     ; Windows 7 ; 6.1        ; x86_64         ;
; Assembler                 ; MrBigBear-PC     ; Windows 7 ; 6.1        ; x86_64         ;
; TimeQuest Timing Analyzer ; MrBigBear-PC     ; Windows 7 ; 6.1        ; x86_64         ;
+---------------------------+------------------+-----------+------------+----------------+


------------
; Flow Log ;
------------
quartus_map --read_settings_files=on --write_settings_files=off SYSTEM -c SYSTEM
quartus_fit --read_settings_files=off --write_settings_files=off SYSTEM -c SYSTEM --check_ios
quartus_fit --read_settings_files=off --write_settings_files=off SYSTEM -c SYSTEM
quartus_asm --read_settings_files=off --write_settings_files=off SYSTEM -c SYSTEM
quartus_sta SYSTEM -c SYSTEM



