Flow report for SPI_Slave_Device
Tue Mar 24 18:59:46 2015
Quartus II 64-Bit Version 13.0.1 Build 232 06/12/2013 Service Pack 1 SJ Full Version


---------------------
; Table of Contents ;
---------------------
  1. Legal Notice
  2. Flow Summary
  3. Flow Settings
  4. Flow Non-Default Global Settings
  5. Flow Elapsed Time
  6. Flow OS Summary
  7. Flow Log
  8. Flow Messages
  9. Flow Suppressed Messages



----------------
; Legal Notice ;
----------------
Copyright (C) 1991-2013 Altera Corporation
Your use of Altera Corporation's design tools, logic functions 
and other software and tools, and its AMPP partner logic 
functions, and any output files from any of the foregoing 
(including device programming or simulation files), and any 
associated documentation or information are expressly subject 
to the terms and conditions of the Altera Program License 
Subscription Agreement, Altera MegaCore Function License 
Agreement, or other applicable license agreement, including, 
without limitation, that your use is for the sole purpose of 
programming logic devices manufactured by Altera and sold by 
Altera or its authorized distributors.  Please refer to the 
applicable agreement for further details.



+---------------------------------------------------------------------------------------+
; Flow Summary                                                                          ;
+------------------------------------+--------------------------------------------------+
; Flow Status                        ; Successful - Tue Mar 24 18:59:37 2015            ;
; Quartus II 64-Bit Version          ; 13.0.1 Build 232 06/12/2013 SP 1 SJ Full Version ;
; Revision Name                      ; SPI_Slave_Device                                 ;
; Top-level Entity Name              ; main                                             ;
; Family                             ; Cyclone II                                       ;
; Device                             ; EP2C35F672C6                                     ;
; Timing Models                      ; Final                                            ;
; Total logic elements               ; 75 / 33,216 ( < 1 % )                            ;
;     Total combinational functions  ; 58 / 33,216 ( < 1 % )                            ;
;     Dedicated logic registers      ; 73 / 33,216 ( < 1 % )                            ;
; Total registers                    ; 73                                               ;
; Total pins                         ; 77 / 475 ( 16 % )                                ;
; Total virtual pins                 ; 0                                                ;
; Total memory bits                  ; 0 / 483,840 ( 0 % )                              ;
; Embedded Multiplier 9-bit elements ; 0 / 70 ( 0 % )                                   ;
; Total PLLs                         ; 0 / 4 ( 0 % )                                    ;
+------------------------------------+--------------------------------------------------+


+-----------------------------------------+
; Flow Settings                           ;
+-------------------+---------------------+
; Option            ; Setting             ;
+-------------------+---------------------+
; Start date & time ; 03/24/2015 18:59:08 ;
; Main task         ; Compilation         ;
; Revision Name     ; SPI_Slave_Device    ;
+-------------------+---------------------+


+---------------------------------------------------------------------------------------------------------------------------+
; Flow Non-Default Global Settings                                                                                          ;
+-------------------------------------+---------------------------------------+------------------+-------------+------------+
; Assignment Name                     ; Value                                 ; Default Value    ; Entity Name ; Section Id ;
+-------------------------------------+---------------------------------------+------------------+-------------+------------+
; COMPILER_SIGNATURE_ID               ; 57277343971596.142718394834612        ; --               ; --          ; --         ;
; FLOW_ENABLE_IO_ASSIGNMENT_ANALYSIS  ; On                                    ; Off              ; --          ; --         ;
; MAX_CORE_JUNCTION_TEMP              ; 85                                    ; --               ; --          ; --         ;
; MIN_CORE_JUNCTION_TEMP              ; 0                                     ; --               ; --          ; --         ;
; PARTITION_COLOR                     ; 16764057                              ; --               ; main        ; Top        ;
; PARTITION_FITTER_PRESERVATION_LEVEL ; PLACEMENT_AND_ROUTING                 ; --               ; main        ; Top        ;
; PARTITION_NETLIST_TYPE              ; SOURCE                                ; --               ; main        ; Top        ;
; POWER_BOARD_THERMAL_MODEL           ; None (CONSERVATIVE)                   ; --               ; --          ; --         ;
; POWER_PRESET_COOLING_SOLUTION       ; 23 MM HEAT SINK WITH 200 LFPM AIRFLOW ; --               ; --          ; --         ;
; PROJECT_OUTPUT_DIRECTORY            ; output_files                          ; --               ; --          ; --         ;
; SMART_RECOMPILE                     ; On                                    ; Off              ; --          ; --         ;
; TOP_LEVEL_ENTITY                    ; main                                  ; SPI_Slave_Device ; --          ; --         ;
+-------------------------------------+---------------------------------------+------------------+-------------+------------+


+-------------------------------------------------------------------------------------------------------------------------------+
; Flow Elapsed Time                                                                                                             ;
+---------------------------+--------------+-------------------------+---------------------+------------------------------------+
; Module Name               ; Elapsed Time ; Average Processors Used ; Peak Virtual Memory ; Total CPU Time (on all processors) ;
+---------------------------+--------------+-------------------------+---------------------+------------------------------------+
; Analysis & Synthesis      ; 00:00:03     ; 1.0                     ; 450 MB              ; 00:00:01                           ;
; I/O Assignment Analysis   ; 00:00:04     ; 1.0                     ; 660 MB              ; 00:00:01                           ;
; Fitter                    ; 00:00:06     ; 1.0                     ; 1089 MB             ; 00:00:06                           ;
; Assembler                 ; 00:00:08     ; 1.0                     ; 437 MB              ; 00:00:02                           ;
; TimeQuest Timing Analyzer ; 00:00:07     ; 1.0                     ; 448 MB              ; 00:00:01                           ;
; Total                     ; 00:00:28     ; --                      ; --                  ; 00:00:11                           ;
+---------------------------+--------------+-------------------------+---------------------+------------------------------------+


+----------------------------------------------------------------------------------------+
; Flow OS Summary                                                                        ;
+---------------------------+------------------+-----------+------------+----------------+
; Module Name               ; Machine Hostname ; OS Name   ; OS Version ; Processor type ;
+---------------------------+------------------+-----------+------------+----------------+
; Analysis & Synthesis      ; 035-103-032WL    ; Windows 7 ; 6.1        ; x86_64         ;
; I/O Assignment Analysis   ; 035-103-032WL    ; Windows 7 ; 6.1        ; x86_64         ;
; Fitter                    ; 035-103-032WL    ; Windows 7 ; 6.1        ; x86_64         ;
; Assembler                 ; 035-103-032WL    ; Windows 7 ; 6.1        ; x86_64         ;
; TimeQuest Timing Analyzer ; 035-103-032WL    ; Windows 7 ; 6.1        ; x86_64         ;
+---------------------------+------------------+-----------+------------+----------------+


------------
; Flow Log ;
------------
quartus_map --read_settings_files=on --write_settings_files=off SPI_Slave_Device -c SPI_Slave_Device
quartus_fit --read_settings_files=off --write_settings_files=off SPI_Slave_Device -c SPI_Slave_Device --check_ios
quartus_fit --read_settings_files=off --write_settings_files=off SPI_Slave_Device -c SPI_Slave_Device
quartus_asm --read_settings_files=off --write_settings_files=off SPI_Slave_Device -c SPI_Slave_Device
quartus_sta SPI_Slave_Device -c SPI_Slave_Device



