Analysis & Synthesis report for ultrasonic
Tue Mar 31 14:04:52 2015
Quartus II 64-Bit Version 13.0.1 Build 232 06/12/2013 Service Pack 1 SJ Full Version


---------------------
; Table of Contents ;
---------------------
  1. Legal Notice
  2. Analysis & Synthesis Summary
  3. Analysis & Synthesis Settings
  4. Parallel Compilation
  5. Analysis & Synthesis Source Files Read
  6. Analysis & Synthesis Resource Usage Summary
  7. Analysis & Synthesis Resource Utilization by Entity
  8. Registers Removed During Synthesis
  9. Removed Registers Triggering Further Register Optimizations
 10. General Register Statistics
 11. Elapsed Time Per Partition
 12. Analysis & Synthesis Messages



----------------
; Legal Notice ;
----------------
Copyright (C) 1991-2013 Altera Corporation
Your use of Altera Corporation's design tools, logic functions 
and other software and tools, and its AMPP partner logic 
functions, and any output files from any of the foregoing 
(including device programming or simulation files), and any 
associated documentation or information are expressly subject 
to the terms and conditions of the Altera Program License 
Subscription Agreement, Altera MegaCore Function License 
Agreement, or other applicable license agreement, including, 
without limitation, that your use is for the sole purpose of 
programming logic devices manufactured by Altera and sold by 
Altera or its authorized distributors.  Please refer to the 
applicable agreement for further details.



+---------------------------------------------------------------------------------------+
; Analysis & Synthesis Summary                                                          ;
+------------------------------------+--------------------------------------------------+
; Analysis & Synthesis Status        ; Successful - Tue Mar 31 14:04:52 2015            ;
; Quartus II 64-Bit Version          ; 13.0.1 Build 232 06/12/2013 SP 1 SJ Full Version ;
; Revision Name                      ; ultrasonic                                       ;
; Top-level Entity Name              ; TOPLEVEL                                         ;
; Family                             ; Cyclone II                                       ;
; Total logic elements               ; 2                                                ;
;     Total combinational functions  ; 2                                                ;
;     Dedicated logic registers      ; 2                                                ;
; Total registers                    ; 2                                                ;
; Total pins                         ; 178                                              ;
; Total virtual pins                 ; 0                                                ;
; Total memory bits                  ; 0                                                ;
; Embedded Multiplier 9-bit elements ; 0                                                ;
; Total PLLs                         ; 0                                                ;
+------------------------------------+--------------------------------------------------+


+----------------------------------------------------------------------------------------------------------------------+
; Analysis & Synthesis Settings                                                                                        ;
+----------------------------------------------------------------------------+--------------------+--------------------+
; Option                                                                     ; Setting            ; Default Value      ;
+----------------------------------------------------------------------------+--------------------+--------------------+
; Device                                                                     ; EP2C70F896C6       ;                    ;
; Top-level entity name                                                      ; TOPLEVEL           ; ultrasonic         ;
; Family name                                                                ; Cyclone II         ; Cyclone IV GX      ;
; Use smart compilation                                                      ; Off                ; Off                ;
; Enable parallel Assembler and TimeQuest Timing Analyzer during compilation ; On                 ; On                 ;
; Enable compact report table                                                ; Off                ; Off                ;
; Restructure Multiplexers                                                   ; Auto               ; Auto               ;
; Create Debugging Nodes for IP Cores                                        ; Off                ; Off                ;
; Preserve fewer node names                                                  ; On                 ; On                 ;
; Disable OpenCore Plus hardware evaluation                                  ; Off                ; Off                ;
; Verilog Version                                                            ; Verilog_2001       ; Verilog_2001       ;
; VHDL Version                                                               ; VHDL_1993          ; VHDL_1993          ;
; State Machine Processing                                                   ; Auto               ; Auto               ;
; Safe State Machine                                                         ; Off                ; Off                ;
; Extract Verilog State Machines                                             ; On                 ; On                 ;
; Extract VHDL State Machines                                                ; On                 ; On                 ;
; Ignore Verilog initial constructs                                          ; Off                ; Off                ;
; Iteration limit for constant Verilog loops                                 ; 5000               ; 5000               ;
; Iteration limit for non-constant Verilog loops                             ; 250                ; 250                ;
; Add Pass-Through Logic to Inferred RAMs                                    ; On                 ; On                 ;
; Infer RAMs from Raw Logic                                                  ; On                 ; On                 ;
; Parallel Synthesis                                                         ; On                 ; On                 ;
; DSP Block Balancing                                                        ; Auto               ; Auto               ;
; NOT Gate Push-Back                                                         ; On                 ; On                 ;
; Power-Up Don't Care                                                        ; On                 ; On                 ;
; Remove Redundant Logic Cells                                               ; Off                ; Off                ;
; Remove Duplicate Registers                                                 ; On                 ; On                 ;
; Ignore CARRY Buffers                                                       ; Off                ; Off                ;
; Ignore CASCADE Buffers                                                     ; Off                ; Off                ;
; Ignore GLOBAL Buffers                                                      ; Off                ; Off                ;
; Ignore ROW GLOBAL Buffers                                                  ; Off                ; Off                ;
; Ignore LCELL Buffers                                                       ; Off                ; Off                ;
; Ignore SOFT Buffers                                                        ; On                 ; On                 ;
; Limit AHDL Integers to 32 Bits                                             ; Off                ; Off                ;
; Optimization Technique                                                     ; Balanced           ; Balanced           ;
; Carry Chain Length                                                         ; 70                 ; 70                 ;
; Auto Carry Chains                                                          ; On                 ; On                 ;
; Auto Open-Drain Pins                                                       ; On                 ; On                 ;
; Perform WYSIWYG Primitive Resynthesis                                      ; Off                ; Off                ;
; Auto ROM Replacement                                                       ; On                 ; On                 ;
; Auto RAM Replacement                                                       ; On                 ; On                 ;
; Auto Shift Register Replacement                                            ; Auto               ; Auto               ;
; Allow Shift Register Merging across Hierarchies                            ; Auto               ; Auto               ;
; Auto Clock Enable Replacement                                              ; On                 ; On                 ;
; Strict RAM Replacement                                                     ; Off                ; Off                ;
; Allow Synchronous Control Signals                                          ; On                 ; On                 ;
; Force Use of Synchronous Clear Signals                                     ; Off                ; Off                ;
; Auto RAM to Logic Cell Conversion                                          ; Off                ; Off                ;
; Auto Resource Sharing                                                      ; Off                ; Off                ;
; Allow Any RAM Size For Recognition                                         ; Off                ; Off                ;
; Allow Any ROM Size For Recognition                                         ; Off                ; Off                ;
; Allow Any Shift Register Size For Recognition                              ; Off                ; Off                ;
; Use LogicLock Constraints during Resource Balancing                        ; On                 ; On                 ;
; Ignore translate_off and synthesis_off directives                          ; Off                ; Off                ;
; Timing-Driven Synthesis                                                    ; Off                ; Off                ;
; Report Parameter Settings                                                  ; On                 ; On                 ;
; Report Source Assignments                                                  ; On                 ; On                 ;
; Report Connectivity Checks                                                 ; On                 ; On                 ;
; Ignore Maximum Fan-Out Assignments                                         ; Off                ; Off                ;
; Synchronization Register Chain Length                                      ; 2                  ; 2                  ;
; PowerPlay Power Optimization                                               ; Normal compilation ; Normal compilation ;
; HDL message level                                                          ; Level2             ; Level2             ;
; Suppress Register Optimization Related Messages                            ; Off                ; Off                ;
; Number of Removed Registers Reported in Synthesis Report                   ; 5000               ; 5000               ;
; Number of Swept Nodes Reported in Synthesis Report                         ; 5000               ; 5000               ;
; Number of Inverted Registers Reported in Synthesis Report                  ; 100                ; 100                ;
; Clock MUX Protection                                                       ; On                 ; On                 ;
; Auto Gated Clock Conversion                                                ; Off                ; Off                ;
; Block Design Naming                                                        ; Auto               ; Auto               ;
; SDC constraint protection                                                  ; Off                ; Off                ;
; Synthesis Effort                                                           ; Auto               ; Auto               ;
; Shift Register Replacement - Allow Asynchronous Clear Signal               ; On                 ; On                 ;
; Pre-Mapping Resynthesis Optimization                                       ; Off                ; Off                ;
; Analysis & Synthesis Message Level                                         ; Medium             ; Medium             ;
; Disable Register Merging Across Hierarchies                                ; Auto               ; Auto               ;
; Resource Aware Inference For Block RAM                                     ; On                 ; On                 ;
; Synthesis Seed                                                             ; 1                  ; 1                  ;
+----------------------------------------------------------------------------+--------------------+--------------------+


+------------------------------------------+
; Parallel Compilation                     ;
+----------------------------+-------------+
; Processors                 ; Number      ;
+----------------------------+-------------+
; Number detected on machine ; 4           ;
; Maximum allowed            ; 4           ;
;                            ;             ;
; Average used               ; 1.00        ;
; Maximum used               ; 1           ;
;                            ;             ;
; Usage by Processor         ; % Time Used ;
;     Processor 1            ; 100.0%      ;
;     Processors 2-4         ;   0.0%      ;
+----------------------------+-------------+


+-----------------------------------------------------------------------------------------------------------------------------------------------------------------------+
; Analysis & Synthesis Source Files Read                                                                                                                                ;
+----------------------------------+-----------------+------------------------+-------------------------------------------------------------------------------+---------+
; File Name with User-Entered Path ; Used in Netlist ; File Type              ; File Name with Absolute Path                                                  ; Library ;
+----------------------------------+-----------------+------------------------+-------------------------------------------------------------------------------+---------+
; main.v                           ; yes             ; User Verilog HDL File  ; E:/Users/MrBigBear/My Documents/GitHub/FPGA/Code/Ian/HCSR04_Ultrasonic/main.v ;         ;
+----------------------------------+-----------------+------------------------+-------------------------------------------------------------------------------+---------+


+-------------------------------------------------------+
; Analysis & Synthesis Resource Usage Summary           ;
+---------------------------------------------+---------+
; Resource                                    ; Usage   ;
+---------------------------------------------+---------+
; Estimated Total logic elements              ; 2       ;
;                                             ;         ;
; Total combinational functions               ; 2       ;
; Logic element usage by number of LUT inputs ;         ;
;     -- 4 input functions                    ; 0       ;
;     -- 3 input functions                    ; 0       ;
;     -- <=2 input functions                  ; 2       ;
;                                             ;         ;
; Logic elements by mode                      ;         ;
;     -- normal mode                          ; 2       ;
;     -- arithmetic mode                      ; 0       ;
;                                             ;         ;
; Total registers                             ; 2       ;
;     -- Dedicated logic registers            ; 2       ;
;     -- I/O registers                        ; 0       ;
;                                             ;         ;
; I/O pins                                    ; 178     ;
; Embedded Multiplier 9-bit elements          ; 0       ;
; Maximum fan-out node                        ; iKEY[3] ;
; Maximum fan-out                             ; 2       ;
; Total fan-out                               ; 8       ;
; Average fan-out                             ; 0.04    ;
+---------------------------------------------+---------+


+-----------------------------------------------------------------------------------------------------------------------------------------------------------------------------+
; Analysis & Synthesis Resource Utilization by Entity                                                                                                                         ;
+----------------------------+-------------------+--------------+-------------+--------------+---------+-----------+------+--------------+---------------------+--------------+
; Compilation Hierarchy Node ; LC Combinationals ; LC Registers ; Memory Bits ; DSP Elements ; DSP 9x9 ; DSP 18x18 ; Pins ; Virtual Pins ; Full Hierarchy Name ; Library Name ;
+----------------------------+-------------------+--------------+-------------+--------------+---------+-----------+------+--------------+---------------------+--------------+
; |TOPLEVEL                  ; 2 (2)             ; 2 (2)        ; 0           ; 0            ; 0       ; 0         ; 178  ; 0            ; |TOPLEVEL           ; work         ;
+----------------------------+-------------------+--------------+-------------+--------------+---------+-----------+------+--------------+---------------------+--------------+
Note: For table entries with two numbers listed, the numbers in parentheses indicate the number of resources of the given type used by the specific entity alone. The numbers listed outside of parentheses indicate the total resources of the given type used by the specific entity and all of its sub-entities in the hierarchy.


+---------------------------------------------------------------------------------+
; Registers Removed During Synthesis                                              ;
+----------------------------------------+----------------------------------------+
; Register name                          ; Reason for Removal                     ;
+----------------------------------------+----------------------------------------+
; oLEDG[0]~reg0                          ; Stuck at VCC due to stuck port data_in ;
; temp_Distance[0..31]                   ; Lost fanout                            ;
; temp_Time[0..31]                       ; Lost fanout                            ;
; counter[0..11]                         ; Lost fanout                            ;
; iEcho[0,1]                             ; Lost fanout                            ;
; Total Number of Removed Registers = 79 ;                                        ;
+----------------------------------------+----------------------------------------+


+----------------------------------------------------------------------------------------------------------+
; Removed Registers Triggering Further Register Optimizations                                              ;
+-------------------+--------------------+-----------------------------------------------------------------+
; Register name     ; Reason for Removal ; Registers Removed due to This Register                          ;
+-------------------+--------------------+-----------------------------------------------------------------+
; temp_Distance[31] ; Lost Fanouts       ; temp_Time[31], temp_Time[30], temp_Time[29], iEcho[0], iEcho[1] ;
; temp_Time[16]     ; Lost Fanouts       ; counter[9], counter[10], counter[11]                            ;
; temp_Time[3]      ; Lost Fanouts       ; counter[1]                                                      ;
; temp_Time[2]      ; Lost Fanouts       ; counter[0]                                                      ;
+-------------------+--------------------+-----------------------------------------------------------------+


+------------------------------------------------------+
; General Register Statistics                          ;
+----------------------------------------------+-------+
; Statistic                                    ; Value ;
+----------------------------------------------+-------+
; Total registers                              ; 2     ;
; Number of registers using Synchronous Clear  ; 0     ;
; Number of registers using Synchronous Load   ; 0     ;
; Number of registers using Asynchronous Clear ; 0     ;
; Number of registers using Asynchronous Load  ; 0     ;
; Number of registers using Clock Enable       ; 0     ;
; Number of registers using Preset             ; 0     ;
+----------------------------------------------+-------+


+-------------------------------+
; Elapsed Time Per Partition    ;
+----------------+--------------+
; Partition Name ; Elapsed Time ;
+----------------+--------------+
; Top            ; 00:00:00     ;
+----------------+--------------+


+-------------------------------+
; Analysis & Synthesis Messages ;
+-------------------------------+
Info: *******************************************************************
Info: Running Quartus II 64-Bit Analysis & Synthesis
    Info: Version 13.0.1 Build 232 06/12/2013 Service Pack 1 SJ Full Version
    Info: Processing started: Tue Mar 31 14:04:50 2015
Info: Command: quartus_map --read_settings_files=on --write_settings_files=off ultrasonic -c ultrasonic
Info (20030): Parallel compilation is enabled and will use 4 of the 4 processors detected
Info (12021): Found 1 design units, including 1 entities, in source file main.v
    Info (12023): Found entity 1: TOPLEVEL
Info (12127): Elaborating entity "TOPLEVEL" for the top level hierarchy
Warning (10230): Verilog HDL assignment warning at main.v(32): truncated value with size 32 to match size of target (12)
Warning (10034): Output port "oLEDG[8]" at main.v(9) has no driver
Warning (10034): Output port "oLEDG[6..1]" at main.v(9) has no driver
Warning (10034): Output port "oLEDR" at main.v(10) has no driver
Warning (10034): Output port "oHEX0_D" at main.v(11) has no driver
Warning (10034): Output port "oHEX1_D" at main.v(11) has no driver
Warning (10034): Output port "oHEX2_D" at main.v(11) has no driver
Warning (10034): Output port "oHEX3_D" at main.v(11) has no driver
Warning (10034): Output port "oHEX4_D" at main.v(11) has no driver
Warning (10034): Output port "oHEX5_D" at main.v(11) has no driver
Warning (10034): Output port "oHEX6_D" at main.v(11) has no driver
Warning (10034): Output port "oHEX7_D" at main.v(12) has no driver
Warning (13034): The following nodes have both tri-state and non-tri-state drivers
    Warning (13035): Inserted always-enabled tri-state buffer between "GPIO_0[0]" and its non-tri-state driver.
Warning (13039): The following bidir pins have no drivers
    Warning (13040): Bidir "GPIO_0[1]" has no driver
    Warning (13040): Bidir "GPIO_0[2]" has no driver
    Warning (13040): Bidir "GPIO_0[3]" has no driver
    Warning (13040): Bidir "GPIO_0[4]" has no driver
    Warning (13040): Bidir "GPIO_0[5]" has no driver
    Warning (13040): Bidir "GPIO_0[6]" has no driver
    Warning (13040): Bidir "GPIO_0[7]" has no driver
    Warning (13040): Bidir "GPIO_0[8]" has no driver
    Warning (13040): Bidir "GPIO_0[9]" has no driver
    Warning (13040): Bidir "GPIO_0[10]" has no driver
    Warning (13040): Bidir "GPIO_0[11]" has no driver
    Warning (13040): Bidir "GPIO_0[12]" has no driver
    Warning (13040): Bidir "GPIO_0[13]" has no driver
    Warning (13040): Bidir "GPIO_0[14]" has no driver
    Warning (13040): Bidir "GPIO_0[15]" has no driver
    Warning (13040): Bidir "GPIO_0[16]" has no driver
    Warning (13040): Bidir "GPIO_0[17]" has no driver
    Warning (13040): Bidir "GPIO_0[18]" has no driver
    Warning (13040): Bidir "GPIO_0[19]" has no driver
    Warning (13040): Bidir "GPIO_0[20]" has no driver
    Warning (13040): Bidir "GPIO_0[21]" has no driver
    Warning (13040): Bidir "GPIO_0[22]" has no driver
    Warning (13040): Bidir "GPIO_0[23]" has no driver
    Warning (13040): Bidir "GPIO_0[24]" has no driver
    Warning (13040): Bidir "GPIO_0[25]" has no driver
    Warning (13040): Bidir "GPIO_0[26]" has no driver
    Warning (13040): Bidir "GPIO_0[27]" has no driver
    Warning (13040): Bidir "GPIO_0[28]" has no driver
    Warning (13040): Bidir "GPIO_0[29]" has no driver
    Warning (13040): Bidir "GPIO_0[30]" has no driver
    Warning (13040): Bidir "GPIO_0[31]" has no driver
    Warning (13040): Bidir "GPIO_1[0]" has no driver
    Warning (13040): Bidir "GPIO_1[1]" has no driver
    Warning (13040): Bidir "GPIO_1[2]" has no driver
    Warning (13040): Bidir "GPIO_1[3]" has no driver
    Warning (13040): Bidir "GPIO_1[4]" has no driver
    Warning (13040): Bidir "GPIO_1[5]" has no driver
    Warning (13040): Bidir "GPIO_1[6]" has no driver
    Warning (13040): Bidir "GPIO_1[7]" has no driver
    Warning (13040): Bidir "GPIO_1[8]" has no driver
    Warning (13040): Bidir "GPIO_1[9]" has no driver
    Warning (13040): Bidir "GPIO_1[10]" has no driver
    Warning (13040): Bidir "GPIO_1[11]" has no driver
    Warning (13040): Bidir "GPIO_1[12]" has no driver
    Warning (13040): Bidir "GPIO_1[13]" has no driver
    Warning (13040): Bidir "GPIO_1[14]" has no driver
    Warning (13040): Bidir "GPIO_1[15]" has no driver
    Warning (13040): Bidir "GPIO_1[16]" has no driver
    Warning (13040): Bidir "GPIO_1[17]" has no driver
    Warning (13040): Bidir "GPIO_1[18]" has no driver
    Warning (13040): Bidir "GPIO_1[19]" has no driver
    Warning (13040): Bidir "GPIO_1[20]" has no driver
    Warning (13040): Bidir "GPIO_1[21]" has no driver
    Warning (13040): Bidir "GPIO_1[22]" has no driver
    Warning (13040): Bidir "GPIO_1[23]" has no driver
    Warning (13040): Bidir "GPIO_1[24]" has no driver
    Warning (13040): Bidir "GPIO_1[25]" has no driver
    Warning (13040): Bidir "GPIO_1[26]" has no driver
    Warning (13040): Bidir "GPIO_1[27]" has no driver
    Warning (13040): Bidir "GPIO_1[28]" has no driver
    Warning (13040): Bidir "GPIO_1[29]" has no driver
    Warning (13040): Bidir "GPIO_1[30]" has no driver
    Warning (13040): Bidir "GPIO_1[31]" has no driver
Warning (13009): TRI or OPNDRN buffers permanently enabled
    Warning (13010): Node "GPIO_0[0]~synth"
Warning (13024): Output pins are stuck at VCC or GND
    Warning (13410): Pin "oLEDG[0]" is stuck at VCC
    Warning (13410): Pin "oLEDG[1]" is stuck at GND
    Warning (13410): Pin "oLEDG[2]" is stuck at GND
    Warning (13410): Pin "oLEDG[3]" is stuck at GND
    Warning (13410): Pin "oLEDG[4]" is stuck at GND
    Warning (13410): Pin "oLEDG[5]" is stuck at GND
    Warning (13410): Pin "oLEDG[6]" is stuck at GND
    Warning (13410): Pin "oLEDG[8]" is stuck at GND
    Warning (13410): Pin "oLEDR[0]" is stuck at GND
    Warning (13410): Pin "oLEDR[1]" is stuck at GND
    Warning (13410): Pin "oLEDR[2]" is stuck at GND
    Warning (13410): Pin "oLEDR[3]" is stuck at GND
    Warning (13410): Pin "oLEDR[4]" is stuck at GND
    Warning (13410): Pin "oLEDR[5]" is stuck at GND
    Warning (13410): Pin "oLEDR[6]" is stuck at GND
    Warning (13410): Pin "oLEDR[7]" is stuck at GND
    Warning (13410): Pin "oLEDR[8]" is stuck at GND
    Warning (13410): Pin "oLEDR[9]" is stuck at GND
    Warning (13410): Pin "oLEDR[10]" is stuck at GND
    Warning (13410): Pin "oLEDR[11]" is stuck at GND
    Warning (13410): Pin "oLEDR[12]" is stuck at GND
    Warning (13410): Pin "oLEDR[13]" is stuck at GND
    Warning (13410): Pin "oLEDR[14]" is stuck at GND
    Warning (13410): Pin "oLEDR[15]" is stuck at GND
    Warning (13410): Pin "oLEDR[16]" is stuck at GND
    Warning (13410): Pin "oLEDR[17]" is stuck at GND
    Warning (13410): Pin "oHEX0_D[0]" is stuck at GND
    Warning (13410): Pin "oHEX0_D[1]" is stuck at GND
    Warning (13410): Pin "oHEX0_D[2]" is stuck at GND
    Warning (13410): Pin "oHEX0_D[3]" is stuck at GND
    Warning (13410): Pin "oHEX0_D[4]" is stuck at GND
    Warning (13410): Pin "oHEX0_D[5]" is stuck at GND
    Warning (13410): Pin "oHEX0_D[6]" is stuck at GND
    Warning (13410): Pin "oHEX0_D[7]" is stuck at GND
    Warning (13410): Pin "oHEX1_D[0]" is stuck at GND
    Warning (13410): Pin "oHEX1_D[1]" is stuck at GND
    Warning (13410): Pin "oHEX1_D[2]" is stuck at GND
    Warning (13410): Pin "oHEX1_D[3]" is stuck at GND
    Warning (13410): Pin "oHEX1_D[4]" is stuck at GND
    Warning (13410): Pin "oHEX1_D[5]" is stuck at GND
    Warning (13410): Pin "oHEX1_D[6]" is stuck at GND
    Warning (13410): Pin "oHEX1_D[7]" is stuck at GND
    Warning (13410): Pin "oHEX2_D[0]" is stuck at GND
    Warning (13410): Pin "oHEX2_D[1]" is stuck at GND
    Warning (13410): Pin "oHEX2_D[2]" is stuck at GND
    Warning (13410): Pin "oHEX2_D[3]" is stuck at GND
    Warning (13410): Pin "oHEX2_D[4]" is stuck at GND
    Warning (13410): Pin "oHEX2_D[5]" is stuck at GND
    Warning (13410): Pin "oHEX2_D[6]" is stuck at GND
    Warning (13410): Pin "oHEX2_D[7]" is stuck at GND
    Warning (13410): Pin "oHEX3_D[0]" is stuck at GND
    Warning (13410): Pin "oHEX3_D[1]" is stuck at GND
    Warning (13410): Pin "oHEX3_D[2]" is stuck at GND
    Warning (13410): Pin "oHEX3_D[3]" is stuck at GND
    Warning (13410): Pin "oHEX3_D[4]" is stuck at GND
    Warning (13410): Pin "oHEX3_D[5]" is stuck at GND
    Warning (13410): Pin "oHEX3_D[6]" is stuck at GND
    Warning (13410): Pin "oHEX3_D[7]" is stuck at GND
    Warning (13410): Pin "oHEX4_D[0]" is stuck at GND
    Warning (13410): Pin "oHEX4_D[1]" is stuck at GND
    Warning (13410): Pin "oHEX4_D[2]" is stuck at GND
    Warning (13410): Pin "oHEX4_D[3]" is stuck at GND
    Warning (13410): Pin "oHEX4_D[4]" is stuck at GND
    Warning (13410): Pin "oHEX4_D[5]" is stuck at GND
    Warning (13410): Pin "oHEX4_D[6]" is stuck at GND
    Warning (13410): Pin "oHEX4_D[7]" is stuck at GND
    Warning (13410): Pin "oHEX5_D[0]" is stuck at GND
    Warning (13410): Pin "oHEX5_D[1]" is stuck at GND
    Warning (13410): Pin "oHEX5_D[2]" is stuck at GND
    Warning (13410): Pin "oHEX5_D[3]" is stuck at GND
    Warning (13410): Pin "oHEX5_D[4]" is stuck at GND
    Warning (13410): Pin "oHEX5_D[5]" is stuck at GND
    Warning (13410): Pin "oHEX5_D[6]" is stuck at GND
    Warning (13410): Pin "oHEX5_D[7]" is stuck at GND
    Warning (13410): Pin "oHEX6_D[0]" is stuck at GND
    Warning (13410): Pin "oHEX6_D[1]" is stuck at GND
    Warning (13410): Pin "oHEX6_D[2]" is stuck at GND
    Warning (13410): Pin "oHEX6_D[3]" is stuck at GND
    Warning (13410): Pin "oHEX6_D[4]" is stuck at GND
    Warning (13410): Pin "oHEX6_D[5]" is stuck at GND
    Warning (13410): Pin "oHEX6_D[6]" is stuck at GND
    Warning (13410): Pin "oHEX6_D[7]" is stuck at GND
    Warning (13410): Pin "oHEX7_D[0]" is stuck at GND
    Warning (13410): Pin "oHEX7_D[1]" is stuck at GND
    Warning (13410): Pin "oHEX7_D[2]" is stuck at GND
    Warning (13410): Pin "oHEX7_D[3]" is stuck at GND
    Warning (13410): Pin "oHEX7_D[4]" is stuck at GND
    Warning (13410): Pin "oHEX7_D[5]" is stuck at GND
    Warning (13410): Pin "oHEX7_D[6]" is stuck at GND
    Warning (13410): Pin "oHEX7_D[7]" is stuck at GND
Info (17049): 78 registers lost all their fanouts during netlist optimizations.
Info (16010): Generating hard_block partition "hard_block:auto_generated_inst"
    Info (16011): Adding 0 node(s), including 0 DDIO, 0 PLL, 0 transceiver and 0 LCELL
Warning (21074): Design contains 21 input pin(s) that do not drive logic
    Warning (15610): No output dependent on input pin "iKEY[0]"
    Warning (15610): No output dependent on input pin "iKEY[1]"
    Warning (15610): No output dependent on input pin "iKEY[2]"
    Warning (15610): No output dependent on input pin "iSW[0]"
    Warning (15610): No output dependent on input pin "iSW[1]"
    Warning (15610): No output dependent on input pin "iSW[2]"
    Warning (15610): No output dependent on input pin "iSW[3]"
    Warning (15610): No output dependent on input pin "iSW[4]"
    Warning (15610): No output dependent on input pin "iSW[5]"
    Warning (15610): No output dependent on input pin "iSW[6]"
    Warning (15610): No output dependent on input pin "iSW[7]"
    Warning (15610): No output dependent on input pin "iSW[8]"
    Warning (15610): No output dependent on input pin "iSW[9]"
    Warning (15610): No output dependent on input pin "iSW[10]"
    Warning (15610): No output dependent on input pin "iSW[11]"
    Warning (15610): No output dependent on input pin "iSW[12]"
    Warning (15610): No output dependent on input pin "iSW[13]"
    Warning (15610): No output dependent on input pin "iSW[14]"
    Warning (15610): No output dependent on input pin "iSW[15]"
    Warning (15610): No output dependent on input pin "iSW[16]"
    Warning (15610): No output dependent on input pin "iSW[17]"
Info (21057): Implemented 180 device resources after synthesis - the final resource count might be different
    Info (21058): Implemented 23 input pins
    Info (21059): Implemented 91 output pins
    Info (21060): Implemented 64 bidirectional pins
    Info (21061): Implemented 2 logic cells
Info: Quartus II 64-Bit Analysis & Synthesis was successful. 0 errors, 193 warnings
    Info: Peak virtual memory: 453 megabytes
    Info: Processing ended: Tue Mar 31 14:04:52 2015
    Info: Elapsed time: 00:00:02
    Info: Total CPU time (on all processors): 00:00:01


