Flow report for ADC
Sun Apr 26 14:38:23 2015
Quartus II 64-Bit Version 13.0.1 Build 232 06/12/2013 Service Pack 1 SJ Full Version


---------------------
; Table of Contents ;
---------------------
  1. Legal Notice
  2. Flow Summary
  3. Flow Settings
  4. Flow Non-Default Global Settings
  5. Flow Elapsed Time
  6. Flow OS Summary
  7. Flow Log
  8. Flow Messages
  9. Flow Suppressed Messages



----------------
; Legal Notice ;
----------------
Copyright (C) 1991-2013 Altera Corporation
Your use of Altera Corporation's design tools, logic functions 
and other software and tools, and its AMPP partner logic 
functions, and any output files from any of the foregoing 
(including device programming or simulation files), and any 
associated documentation or information are expressly subject 
to the terms and conditions of the Altera Program License 
Subscription Agreement, Altera MegaCore Function License 
Agreement, or other applicable license agreement, including, 
without limitation, that your use is for the sole purpose of 
programming logic devices manufactured by Altera and sold by 
Altera or its authorized distributors.  Please refer to the 
applicable agreement for further details.



+---------------------------------------------------------------------------------------+
; Flow Summary                                                                          ;
+------------------------------------+--------------------------------------------------+
; Flow Status                        ; Successful - Sun Apr 26 14:38:20 2015            ;
; Quartus II 64-Bit Version          ; 13.0.1 Build 232 06/12/2013 SP 1 SJ Full Version ;
; Revision Name                      ; ADC                                              ;
; Top-level Entity Name              ; main                                             ;
; Family                             ; Cyclone II                                       ;
; Device                             ; EP2C70F896C6                                     ;
; Timing Models                      ; Final                                            ;
; Total logic elements               ; 324 / 68,416 ( < 1 % )                           ;
;     Total combinational functions  ; 266 / 68,416 ( < 1 % )                           ;
;     Dedicated logic registers      ; 262 / 68,416 ( < 1 % )                           ;
; Total registers                    ; 262                                              ;
; Total pins                         ; 170 / 622 ( 27 % )                               ;
; Total virtual pins                 ; 0                                                ;
; Total memory bits                  ; 0 / 1,152,000 ( 0 % )                            ;
; Embedded Multiplier 9-bit elements ; 0 / 300 ( 0 % )                                  ;
; Total PLLs                         ; 1 / 4 ( 25 % )                                   ;
+------------------------------------+--------------------------------------------------+


+-----------------------------------------+
; Flow Settings                           ;
+-------------------+---------------------+
; Option            ; Setting             ;
+-------------------+---------------------+
; Start date & time ; 04/26/2015 14:37:58 ;
; Main task         ; Compilation         ;
; Revision Name     ; ADC                 ;
+-------------------+---------------------+


+------------------------------------------------------------------------------------------------------------------------------------------------------------------------------------------------------+
; Flow Non-Default Global Settings                                                                                                                                                                     ;
+-----------------------------------------------------------+----------------------------------------------------------------------------------------------+---------------+-------------+-------------+
; Assignment Name                                           ; Value                                                                                        ; Default Value ; Entity Name ; Section Id  ;
+-----------------------------------------------------------+----------------------------------------------------------------------------------------------+---------------+-------------+-------------+
; ALLOW_LVTTL_LVCMOS_INPUT_LEVELS_TO_OVERDRIVE_INPUT_BUFFER ; On                                                                                           ; Off           ; --          ; --          ;
; COMPILER_SIGNATURE_ID                                     ; 24062491136.143002307709504                                                                  ; --            ; --          ; --          ;
; FLOW_ENABLE_IO_ASSIGNMENT_ANALYSIS                        ; On                                                                                           ; Off           ; --          ; --          ;
; IP_TOOL_NAME                                              ; ALTPLL                                                                                       ; --            ; --          ; --          ;
; IP_TOOL_NAME                                              ; ALTPLL                                                                                       ; --            ; --          ; --          ;
; IP_TOOL_VERSION                                           ; 13.0                                                                                         ; --            ; --          ; --          ;
; IP_TOOL_VERSION                                           ; 13.0                                                                                         ; --            ; --          ; --          ;
; MAX_CORE_JUNCTION_TEMP                                    ; 85                                                                                           ; --            ; --          ; --          ;
; MIN_CORE_JUNCTION_TEMP                                    ; 0                                                                                            ; --            ; --          ; --          ;
; MISC_FILE                                                 ; CLK_PLL_inst.v                                                                               ; --            ; --          ; --          ;
; MISC_FILE                                                 ; CLK_PLL_bb.v                                                                                 ; --            ; --          ; --          ;
; MISC_FILE                                                 ; CLK_PLL.ppf                                                                                  ; --            ; --          ; --          ;
; MISC_FILE                                                 ; CLK_PLL_2_inst.v                                                                             ; --            ; --          ; --          ;
; MISC_FILE                                                 ; CLK_PLL_2_bb.v                                                                               ; --            ; --          ; --          ;
; MISC_FILE                                                 ; CLK_PLL_2.ppf                                                                                ; --            ; --          ; --          ;
; NUM_PARALLEL_PROCESSORS                                   ; All                                                                                          ; --            ; --          ; --          ;
; OUTPUT_PIN_LOAD                                           ; 10                                                                                           ; --            ; --          ; 3.3-V PCI   ;
; OUTPUT_PIN_LOAD                                           ; 10                                                                                           ; --            ; --          ; 3.3-V PCI-X ;
; PARTITION_COLOR                                           ; 16764057                                                                                     ; --            ; main        ; Top         ;
; PARTITION_FITTER_PRESERVATION_LEVEL                       ; PLACEMENT_AND_ROUTING                                                                        ; --            ; main        ; Top         ;
; PARTITION_NETLIST_TYPE                                    ; SOURCE                                                                                       ; --            ; main        ; Top         ;
; POWER_BOARD_THERMAL_MODEL                                 ; None (CONSERVATIVE)                                                                          ; --            ; --          ; --          ;
; POWER_PRESET_COOLING_SOLUTION                             ; 23 MM HEAT SINK WITH 200 LFPM AIRFLOW                                                        ; --            ; --          ; --          ;
; PROJECT_OUTPUT_DIRECTORY                                  ; output_files                                                                                 ; --            ; --          ; --          ;
; SLD_FILE                                                  ; E:/Users/MrBigBear/My Documents/GitHub/FPGA/Code/Ian/ADC/output_files/stp1_auto_stripped.stp ; --            ; --          ; --          ;
; SMART_RECOMPILE                                           ; On                                                                                           ; Off           ; --          ; --          ;
; TOP_LEVEL_ENTITY                                          ; main                                                                                         ; ADC           ; --          ; --          ;
+-----------------------------------------------------------+----------------------------------------------------------------------------------------------+---------------+-------------+-------------+


+-------------------------------------------------------------------------------------------------------------------------------+
; Flow Elapsed Time                                                                                                             ;
+---------------------------+--------------+-------------------------+---------------------+------------------------------------+
; Module Name               ; Elapsed Time ; Average Processors Used ; Peak Virtual Memory ; Total CPU Time (on all processors) ;
+---------------------------+--------------+-------------------------+---------------------+------------------------------------+
; Analysis & Synthesis      ; 00:00:02     ; 1.0                     ; 463 MB              ; 00:00:01                           ;
; I/O Assignment Analysis   ; 00:00:04     ; 1.0                     ; 703 MB              ; 00:00:02                           ;
; Fitter                    ; 00:00:10     ; 2.5                     ; 1144 MB             ; 00:00:12                           ;
; Assembler                 ; 00:00:05     ; 1.0                     ; 448 MB              ; 00:00:03                           ;
; TimeQuest Timing Analyzer ; 00:00:03     ; 1.0                     ; 451 MB              ; 00:00:01                           ;
; Total                     ; 00:00:24     ; --                      ; --                  ; 00:00:19                           ;
+---------------------------+--------------+-------------------------+---------------------+------------------------------------+


+----------------------------------------------------------------------------------------+
; Flow OS Summary                                                                        ;
+---------------------------+------------------+-----------+------------+----------------+
; Module Name               ; Machine Hostname ; OS Name   ; OS Version ; Processor type ;
+---------------------------+------------------+-----------+------------+----------------+
; Analysis & Synthesis      ; MrBigBear-PC     ; Windows 7 ; 6.1        ; x86_64         ;
; I/O Assignment Analysis   ; MrBigBear-PC     ; Windows 7 ; 6.1        ; x86_64         ;
; Fitter                    ; MrBigBear-PC     ; Windows 7 ; 6.1        ; x86_64         ;
; Assembler                 ; MrBigBear-PC     ; Windows 7 ; 6.1        ; x86_64         ;
; TimeQuest Timing Analyzer ; MrBigBear-PC     ; Windows 7 ; 6.1        ; x86_64         ;
+---------------------------+------------------+-----------+------------+----------------+


------------
; Flow Log ;
------------
quartus_map --read_settings_files=on --write_settings_files=off ADC -c ADC
quartus_fit --read_settings_files=off --write_settings_files=off ADC -c ADC --check_ios
quartus_fit --read_settings_files=off --write_settings_files=off ADC -c ADC
quartus_asm --read_settings_files=off --write_settings_files=off ADC -c ADC
quartus_sta ADC -c ADC



