Sun Sep 06 23:56:59 EST 2015  [debug] AvalonLogSystem initialized using logfile 'velocity.log'
Sun Sep 06 23:56:59 EST 2015   [info] ************************************************************** 
Sun Sep 06 23:56:59 EST 2015   [info] Starting Jakarta Velocity v1.4
Sun Sep 06 23:56:59 EST 2015   [info] RuntimeInstance initializing.
Sun Sep 06 23:56:59 EST 2015   [info] Default Properties File: org\apache\velocity\runtime\defaults\velocity.properties
Sun Sep 06 23:56:59 EST 2015   [info] Trying to use logger class org.apache.velocity.runtime.log.AvalonLogSystem
Sun Sep 06 23:56:59 EST 2015   [info] Using logger class org.apache.velocity.runtime.log.AvalonLogSystem
Sun Sep 06 23:56:59 EST 2015   [info] Default ResourceManager initializing. (class org.apache.velocity.runtime.resource.ResourceManagerImpl)
Sun Sep 06 23:56:59 EST 2015   [info] Resource Loader Instantiated: org.apache.velocity.runtime.resource.loader.FileResourceLoader
Sun Sep 06 23:56:59 EST 2015   [info] FileResourceLoader : initialization starting.
Sun Sep 06 23:56:59 EST 2015   [info] FileResourceLoader : adding path 'f:\altera\13.0sp1\ip\altera\fir_compiler\lib\ip_toolbench\..\template'
Sun Sep 06 23:56:59 EST 2015   [info] FileResourceLoader : adding path '.'
Sun Sep 06 23:56:59 EST 2015   [info] FileResourceLoader : initialization complete.
Sun Sep 06 23:56:59 EST 2015   [info] Resource Loader Instantiated: org.apache.velocity.runtime.resource.loader.JarResourceLoader
Sun Sep 06 23:56:59 EST 2015   [info] JarResourceLoader : initialization starting.
Sun Sep 06 23:56:59 EST 2015   [info] JarResourceLoader # of paths : 0
Sun Sep 06 23:56:59 EST 2015   [info] JarResourceLoader : initialization complete.
Sun Sep 06 23:56:59 EST 2015   [info] Resource Loader Instantiated: org.apache.velocity.runtime.resource.loader.ClasspathResourceLoader
Sun Sep 06 23:56:59 EST 2015   [info] ClasspathResourceLoader : initialization starting.
Sun Sep 06 23:56:59 EST 2015   [info] ClasspathResourceLoader : initialization complete.
Sun Sep 06 23:56:59 EST 2015   [info] ResourceCache : initialized. (class org.apache.velocity.runtime.resource.ResourceCacheImpl)
Sun Sep 06 23:56:59 EST 2015   [info] Default ResourceManager initialization complete.
Sun Sep 06 23:56:59 EST 2015   [info] Loaded System Directive: org.apache.velocity.runtime.directive.Literal
Sun Sep 06 23:56:59 EST 2015   [info] Loaded System Directive: org.apache.velocity.runtime.directive.Macro
Sun Sep 06 23:56:59 EST 2015   [info] Loaded System Directive: org.apache.velocity.runtime.directive.Parse
Sun Sep 06 23:56:59 EST 2015   [info] Loaded System Directive: org.apache.velocity.runtime.directive.Include
Sun Sep 06 23:56:59 EST 2015   [info] Loaded System Directive: org.apache.velocity.runtime.directive.Foreach
Sun Sep 06 23:56:59 EST 2015   [info] Created: 20 parsers.
Sun Sep 06 23:56:59 EST 2015   [info] Velocimacro : initialization starting.
Sun Sep 06 23:56:59 EST 2015   [info] Velocimacro : adding VMs from VM library template : VM_global_library.vm
Sun Sep 06 23:56:59 EST 2015  [error] ResourceManager : unable to find resource 'VM_global_library.vm' in any resource loader.
Sun Sep 06 23:56:59 EST 2015   [info] Velocimacro : error using  VM library template VM_global_library.vm : org.apache.velocity.exception.ResourceNotFoundException: Unable to find resource 'VM_global_library.vm'
Sun Sep 06 23:56:59 EST 2015   [info] Velocimacro :  VM library template macro registration complete.
Sun Sep 06 23:56:59 EST 2015   [info] Velocimacro : allowInline = true : VMs can be defined inline in templates
Sun Sep 06 23:56:59 EST 2015   [info] Velocimacro : allowInlineToOverride = false : VMs defined inline may NOT replace previous VM definitions
Sun Sep 06 23:56:59 EST 2015   [info] Velocimacro : allowInlineLocal = false : VMs defined inline will be  global in scope if allowed.
Sun Sep 06 23:56:59 EST 2015   [info] Velocimacro : messages on  : VM system will output logging messages
Sun Sep 06 23:56:59 EST 2015   [info] Velocimacro : autoload off  : VM system will not automatically reload global library macros
Sun Sep 06 23:56:59 EST 2015   [info] Velocimacro : initialization complete.
Sun Sep 06 23:56:59 EST 2015   [info] Velocity successfully started.
Sun Sep 06 23:56:59 EST 2015   [info] ResourceManager : found tb_avalon_st.vm with loader org.apache.velocity.runtime.resource.loader.ClasspathResourceLoader
Sun Sep 06 23:56:59 EST 2015   [info] ResourceManager : found alt_license_vhdl.txt with loader org.apache.velocity.runtime.resource.loader.ClasspathResourceLoader
Sun Sep 06 23:56:59 EST 2015   [info] ResourceManager : found auk_dspip_fir_top_avalon_streaming.vm with loader org.apache.velocity.runtime.resource.loader.ClasspathResourceLoader
Sun Sep 06 23:56:59 EST 2015   [info] ResourceManager : found alt_license_vhdl.txt with loader org.apache.velocity.runtime.resource.loader.ClasspathResourceLoader
Sun Sep 06 23:56:59 EST 2015   [info] ResourceManager : found generic_msim_script.vm with loader org.apache.velocity.runtime.resource.loader.ClasspathResourceLoader
Sun Sep 06 23:56:59 EST 2015   [info] ResourceManager : found alt_license_tcl.txt with loader org.apache.velocity.runtime.resource.loader.ClasspathResourceLoader
Sun Sep 06 23:56:59 EST 2015   [info] ResourceManager : found constant_part_of_tcl_script.tcl with loader org.apache.velocity.runtime.resource.loader.ClasspathResourceLoader
Sun Sep 06 23:56:59 EST 2015   [info] ResourceManager : found fir_input.vm with loader org.apache.velocity.runtime.resource.loader.ClasspathResourceLoader
Sun Sep 06 23:56:59 EST 2015   [info] ResourceManager : found matlab_model.vm with loader org.apache.velocity.runtime.resource.loader.ClasspathResourceLoader
Sun Sep 06 23:56:59 EST 2015   [info] ResourceManager : found alt_license_matlab.txt with loader org.apache.velocity.runtime.resource.loader.ClasspathResourceLoader
Sun Sep 06 23:56:59 EST 2015   [info] ResourceManager : found matlab_model_base.vm with loader org.apache.velocity.runtime.resource.loader.ClasspathResourceLoader
Sun Sep 06 23:56:59 EST 2015   [info] ResourceManager : found fir_nativelink_tcl.vm with loader org.apache.velocity.runtime.resource.loader.ClasspathResourceLoader
Sun Sep 06 23:56:59 EST 2015   [info] ResourceManager : found alt_license_tcl.txt with loader org.apache.velocity.runtime.resource.loader.ClasspathResourceLoader
