<?xml version="1.0"?>
<MEGACORE title="FIR Compiler"  version="13.0"  build="232"  iptb_version="1.3.0 Build 232"  format_version="120" >
 <NETLIST_SECTION class="altera.ipbu.flowbase.netlist.model.FIRModelClass"  active_core="fir_filter_ast" >
  <STATIC_SECTION>
   <PRIVATES>
    <NAMESPACE name = "parameterization">
     <PRIVATE name = "use_mem" value="1"  type="BOOLEAN"  enable="1" />
     <PRIVATE name = "mem_type" value="M512"  type="STRING"  enable="1" />
     <PRIVATE name = "filter_rate" value="Single Rate"  type="STRING"  enable="1" />
     <PRIVATE name = "filter_factor" value="2"  type="INTEGER"  enable="0" />
     <PRIVATE name = "coefficient_scaling_type" value="Auto"  type="STRING"  enable="1" />
     <PRIVATE name = "coefficient_scaling_factor" value="4690.612191346436"  type="STRING"  enable="0" />
     <PRIVATE name = "coefficient_bit_width" value="10"  type="INTEGER"  enable="1" />
     <PRIVATE name = "coefficient_binary_point_position" value="0"  type="INTEGER"  enable="0" />
     <PRIVATE name = "number_of_input_channels" value="1"  type="INTEGER"  enable="1" />
     <PRIVATE name = "input_number_system" value="Signed Binary"  type="STRING"  enable="1" />
     <PRIVATE name = "input_bit_width" value="12"  type="INTEGER"  enable="1" />
     <PRIVATE name = "input_binary_point_position" value="0"  type="INTEGER"  enable="0" />
     <PRIVATE name = "output_bit_width_method" value="Actual Coefficients"  type="STRING"  enable="1" />
     <PRIVATE name = "output_number_system" value="Full Resolution"  type="STRING"  enable="1" />
     <PRIVATE name = "output_bit_width" value="29"  type="INTEGER"  enable="1" />
     <PRIVATE name = "output_bits_right_of_binary_point" value="20"  type="INTEGER"  enable="0" />
     <PRIVATE name = "output_bits_removed_from_lsb" value="0"  type="INTEGER"  enable="0" />
     <PRIVATE name = "output_lsb_remove_type" value="Truncate"  type="STRING"  enable="1" />
     <PRIVATE name = "output_msb_remove_type" value="Truncate"  type="STRING"  enable="1" />
     <PRIVATE name = "flow_control" value="0"  type="INTEGER"  enable="1" />
     <PRIVATE name = "flow_control_input" value="Slave Sink"  type="STRING"  enable="1" />
     <PRIVATE name = "flow_control_output" value="Master Source"  type="STRING"  enable="1" />
     <PRIVATE name = "device_family" value="Cyclone II"  type="STRING"  enable="1" />
     <PRIVATE name = "structure" value="Variable/Fixed Coefficient : Multi-Cycle"  type="STRING"  enable="1" />
     <PRIVATE name = "pipeline_level" value="1"  type="INTEGER"  enable="1" />
     <PRIVATE name = "clocks_to_compute" value="1"  type="INTEGER"  enable="1" />
     <PRIVATE name = "number_of_serial_units" value="2"  type="INTEGER"  enable="0" />
     <PRIVATE name = "data_storage" value="Logic Cells"  type="STRING"  enable="1" />
     <PRIVATE name = "coefficient_storage" value="Logic Cells"  type="STRING"  enable="1" />
     <PRIVATE name = "multiplier_storage" value="DSP Blocks"  type="STRING"  enable="1" />
     <PRIVATE name = "force_non_symmetric_structure" value="0"  type="BOOLEAN"  enable="1" />
     <PRIVATE name = "coefficients_reload" value="0"  type="BOOLEAN"  enable="1" />
     <PRIVATE name = "coefficients_reload_sgl_clock" value="0"  type="BOOLEAN"  enable="1" />
     <PRIVATE name = "max_clocks_to_compute" value="4"  type="INTEGER"  enable="1" />
     <PRIVATE name = "set_1" value="Matched Filter, Imported, E:\Users\MrBigBear\My Documents\GitHub\FPGA\Code\Ian\SYSTEM\Source\IP\imp_response_FPGA.txt, 0.00178056, 0.00225883, 8.93193E-4, -0.00130867, -0.00256001, -0.00179296, 4.48007E-4, 0.00241826, 0.00249646, 5.50279E-4, -0.0019584, -0.00303527, -0.00174183, 9.98474E-4, 0.00306498, 0.00279727, 2.55494E-4, -0.00261415, -0.00354964, -0.00171175, 0.00153089, 0.00367861, 0.00295368, -1.44572E-4, -0.00327592, -0.00391662, -0.00146509, 0.00223176, 0.00428924, 0.00293263, -8.39423E-4, -0.004058, -0.00412117, -8.87552E-4, 0.00315522, 0.00477955, 0.00260776, -0.00171175, -0.00482805, -0.00419336, -1.80668E-4, 0.00406364, 0.0051736, 0.00212046, -0.00272545, -0.00554396, -0.00401288, 7.63849E-4, 0.0050984, 0.00545635, 0.00145268, -0.00385646, -0.00625084, -0.00367899, 0.00192193, 0.00613616, 0.00553456, 4.11911E-4, -0.00524616, -0.00685244, -0.0029691, 0.00346805, 0.00732433, 0.00537814, -0.00101389, -0.00685545, -0.00742096, -0.00200052, 0.00525782, 0.00857265, 0.00507734, -0.00273146, -0.00862417, -0.00787517, -7.61215E-4, 0.00727921, 0.0097548, 0.00452086, -0.00451823, -0.0103297, -0.00813386, 6.07432E-4, 0.00917727, 0.0107414, 0.00384105, -0.00633206, -0.0118397, -0.00823914, 0.001946, 0.0109189, 0.0115476, 0.00311612, -0.00795338, -0.0131211, -0.00820605, 0.00323343, 0.0123718, 0.0120559, 0.00240021, -0.00928292, -0.0139514, -0.00789322, 0.00432233, 0.0133253, 0.012089, 0.00153992, -0.0102665, -0.014177, -0.00721942, 0.00527286, 0.0136803, 0.0115506, 5.62312E-4, -0.0107899, -0.0137769, -0.00621775, 0.00600381, 0.0134938, 0.0105399, -4.66429E-4, -0.0109433, -0.0128594, -0.00490626, 0.00667159, 0.0129313, 0.00908101, -0.00169972, -0.0109403, -0.01156, -0.00322177, 0.00740855, 0.0120409, 0.00723409, -0.00303527, -0.0106786, -0.00992664, -0.00156435, 0.00779659, 0.0108978, 0.00544733, -0.00412117, -0.0102395, -0.00822711, 1.44198E-4, 0.00823876, 0.00957132, 0.00336277, -0.00528226, -0.00954763, -0.0061967, 0.0019099, 0.00824779, 0.00788984, 0.00133537, -0.00610646, -0.00857303, -0.0042445, 0.00335676, 0.00816356, 0.006449, -3.22045E-4, -0.00678326, -0.00785712, -0.00272846, 0.0044998, 0.00816958, 0.00541725, -0.00157037, -0.00731869, -0.00736381, -0.00175687, 0.00519766, 0.0081034, 0.00478857, -0.00214189, -0.00746006, -0.00712317, -0.00142298, 0.005324, 0.00807032, 0.00483068, -0.00203962, -0.00744803, -0.00738186, -0.00179898, 0.00513149, 0.00829592, 0.00532701, -0.00158541, -0.00737885, -0.00783907, -0.00258708, 0.00463817, 0.00854257, 0.00627152, -6.0179E-4, -0.00719837, -0.00872644, -0.00393166, 0.00387113, 0.00905093, 0.00770935, 6.16456E-4, -0.0071352, -0.00984241, -0.00537852, 0.00317026, 0.0096044, 0.00913816, 0.00193096, -0.00692163, -0.0109313, -0.00700585, 0.00225582, 0.0101519, 0.0107444, 0.00333269, -0.00687651, -0.012306, -0.00869335, 0.00160008, 0.0110212, 0.012444, 0.00450582, -0.00706, -0.0136506, -0.0101643, 0.00110375, 0.0119176, 0.0139961, 0.00555562, -0.00736982, -0.0151245, -0.0115991, 8.87177E-4, 0.0130335, 0.0155242, 0.00616323, -0.00819402, -0.0165653, -0.0123812, 0.00139553, 0.0143691, 0.0164897, 0.00590755, -0.00939723, -0.0177054, -0.0124744, 0.00252053, 0.0157408, 0.016944, 0.00501417, -0.0110426, -0.0187461, -0.0119631, 0.00423811, 0.0174252, 0.0171305, 0.00335676, -0.0132986, -0.0197779, -0.0107629, 0.00691825, 0.0194135, 0.0167454, 7.72873E-4, -0.0161502, -0.020572, -0.00879261, 0.010197, 0.0214951, 0.0159303, -0.00241261, -0.0192936, -0.0212368, -0.00628694, 0.0140984, 0.0237601, 0.0147301, -0.00639823, -0.0230626, -0.0217692, -0.00303527, 0.0186465, 0.0260703, 0.0129373, -0.0108441, -0.0266993, -0.0218564, 4.69063E-4, 0.0230803, 0.0280616, 0.0110031, -0.0152147, -0.0302157, -0.0218474, 0.00392226, 0.0272825, 0.0297882, 0.00904792, -0.0192334, -0.0330883, -0.0213751, 0.00714686, 0.0305703, 0.0305221, 0.00683402, -0.0224821, -0.0347067, -0.0201629, 0.0101308, 0.0327872, 0.0301882, 0.00425014, -0.0251562, -0.035212, -0.0180723, 0.0130516, 0.0340866, 0.0286933, 0.0011579, -0.0272017, -0.0343968, -0.0149651, 0.0159152, 0.0342461, 0.0259319, -0.00236749, -0.0286335, -0.0324807, -0.0110877, 0.0187337, 0.0337136, 0.0223283, -0.00639222, -0.0299751, -0.0300081, -0.00646742, 0.0221057, 0.0332113, 0.018081, -0.0114066, -0.0319814, -0.0272167, -7.97311E-4, 0.0264884, 0.0329135, 0.0131328, -0.0174196, -0.0346074, -0.0244343, 0.00547139, 0.0316501, 0.0331271, 0.00819665, -0.023953, -0.0378561, -0.0219767, 0.0118003, 0.0371368, 0.0336866, 0.00350114, -0.0303511, -0.04121, -0.0199975, 0.0174854, 0.0422895, 0.0347304, -5.73395E-5, -0.0357745, -0.0446903, -0.0192214, 0.0217778, 0.04697, 0.0366705, -0.0019584, -0.0400639, -0.0484322, -0.0200787, 0.0242083, 0.0510669, 0.0397898, -0.00178695, -0.0430058, -0.0526104, -0.0227829, 0.0248701, 0.0547126, 0.0440011, 1.11109E-4, -0.0447354, -0.0568487, -0.0266963, 0.0238865, 0.0573957, 0.0486665, 0.00370569, -0.0446993, -0.0605906, -0.031822, 0.0209446, 0.0588907, 0.0536628, 0.00875614, -0.0432554, -0.0637942, -0.0374048, 0.0168387, 0.0590893, 0.0579943, 0.0142608, -0.0403106, -0.0654516, -0.0425847, 0.0116017, 0.0574529, 0.0611678, 0.0200903, -0.0358377, -0.0655659, -0.0470666, 0.00589251, 0.0544689, 0.0628282, 0.0250957, -0.0309497, -0.0640077, -0.0497588, 8.30025E-4, 0.0504232, 0.0625515, 0.0287715, -0.0259112, -0.0611561, -0.0511154, -0.00356769, 0.0463022, 0.0615799, 0.0313102, -0.022055, -0.0588761, -0.0516989, -0.00596508, 0.0442447, 0.0610264, 0.0319449, -0.0212879, -0.0583767, -0.0510552, -0.00503861, 0.0448132, 0.0602774, 0.0297401, -0.023574, -0.0589723, -0.0490218, -0.00110112, 0.0480198, 0.0600368, 0.025225, -0.0298066, -0.0619803, -0.0455114, 0.00730327, 0.0550344, 0.0594833, 0.0166281, -0.0403407, -0.0659569, -0.0391345, 0.0196662, 0.0637306, 0.0573025, 0.00481564, -0.0526675, -0.0689288, -0.0301555, 0.0336384, 0.0715785, 0.0528687, -0.00834141, -0.0641912, -0.0698463, -0.0199945, 0.0468406, 0.0776036, 0.0473069, -0.0210563, -0.0741417, -0.0693139, -0.00944535, 0.0589298, 0.0814809, 0.0399402, -0.0337471, -0.0817159, -0.0654756, 0.00265288, 0.0692473, 0.0814779, 0.0296197, -0.0460348, -0.085894, -0.0580218, 0.0159453, 0.0777089, 0.078133, 0.0167815, -0.0584399, -0.0877921, -0.0474697, 0.0309703, 0.0852018, 0.0719726, 0.00155496, -0.0707848, -0.0872928, -0.0345533, 0.0460074, 0.0904147, 0.06349, -0.0137258, -0.0807022, -0.0841614, -0.0210623, 0.0590471, 0.0925955, 0.053377, -0.0280439, -0.087771, -0.0783229, -0.00717129, 0.0697015, 0.0914765, 0.0414503, -0.0411348, -0.0913536, -0.0695184, 0.00694833, 0.0776487, 0.0868292, 0.0279894, -0.0527337, -0.0916664, -0.0581662, 0.0209476, 0.0830481, 0.079249, 0.0132591, -0.062997, -0.089236, -0.0445699, 0.035338, 0.0865374, 0.0688442, -0.00304731, -0.0726046, -0.0844021, -0.02882, 0.0498366, 0.0884024, 0.0565445, -0.0201749, -0.0813459, -0.0778626, -0.0118758, 0.0640916, 0.0889288, 0.0430114, -0.0376034, -0.0892871, -0.0700568, 0.0058113, 0.0778472, 0.0881467, 0.0284647, -0.0547671, -0.0957062, -0.0608253, 0.0232758, 0.089786, 0.08565, 0.013945, -0.0700087, -0.0999505, -0.0511094, 0.0389927, 0.0992342, 0.0819622, 4.99143E-4, -0.0825762, -0.101954, -0.0416161, 0.0521768, 0.105656, 0.0772968, -0.0109945, -0.091113, -0.10128, -0.033326, 0.0615408, 0.108818, 0.072505, -0.0195192, -0.0962506, -0.0993339, -0.0264406, 0.0674696, 0.108941, 0.0670785, -0.0256465, -0.0980765, -0.0951287, -0.0196907, 0.0699061, 0.104805, 0.0600669, -0.0293434, -0.0954445, -0.087756, -0.0137228, 0.0687811, 0.0971797, 0.0519994, -0.0312655, -0.0890073, -0.0775137, -0.00792931, 0.0648045, 0.0859629, 0.042109, -0.0316475, -0.0787109, -0.0641341, -0.00228327, 0.0576965, 0.0712356, 0.0310546, -0.0302097, -0.0653042, -0.0488594, 0.00303791, 0.0487868, 0.0545832, 0.0191097, -0.0282304, -0.0504145, -0.0321739, 0.00868997, 0.0388363, 0.0365231, 0.00667761, -0.0253608, -0.0343668, -0.0155276, 0.0130636, 0.0278901, 0.0192511, -0.00363688, -0.0211405, -0.0195372, -0.00206369, 0.0151813, 0.0180539, 0.00560976, -0.0109012, -0.0171459, -0.0079233, 0.00795902, 0.016219, 0.0100887, -0.00471675, -0.0154704, -0.0128234, 0.00102254, 0.0137585, 0.0147451, 0.00389218, -0.00985444, -0.0157411, -0.00918967, 0.00443964, 0.0140713, 0.0126666, 0.00209038, -0.00960177, -0.0139664, -0.00787517, 0.00371772, 0.0118003, 0.0110122, 0.00271304, -0.00716829, -0.011572, -0.00731869, 0.00182267, 0.00874712, 0.00898174, 0.00314018, -0.00448514, -0.0082632, -0.00559509, 4.35975E-4, 0.00497206, 0.00545936, 0.00249646, -0.00160647"  type="STRING"  enable="1" />
     <PRIVATE name = "number_of_sets" value="1"  type="INTEGER"  enable="1" />
     <PRIVATE name = "output_full_bit_width" value="29"  type="INTEGER"  enable="1" />
     <PRIVATE name = "output_full_bits_right_of_binary_point" value="20"  type="INTEGER"  enable="1" />
     <PRIVATE name = "coefficient_reload_bit_width" value="10"  type="INTEGER"  enable="1" />
     <PRIVATE name = "logic_cell" value="32972"  type="INTEGER"  enable="1" />
     <PRIVATE name = "m512" value="0"  type="INTEGER"  enable="1" />
     <PRIVATE name = "m4k" value="0"  type="INTEGER"  enable="1" />
     <PRIVATE name = "m144k" value="0"  type="INTEGER"  enable="1" />
     <PRIVATE name = "m9k" value="0"  type="INTEGER"  enable="1" />
     <PRIVATE name = "m20k" value="0"  type="INTEGER"  enable="1" />
     <PRIVATE name = "mlab" value="0"  type="INTEGER"  enable="1" />
     <PRIVATE name = "megaram" value="0"  type="INTEGER"  enable="1" />
     <PRIVATE name = "dsp_block" value="707"  type="INTEGER"  enable="1" />
     <PRIVATE name = "input_clock_period" value="1"  type="INTEGER"  enable="1" />
     <PRIVATE name = "output_clock_period" value="1"  type="INTEGER"  enable="1" />
     <PRIVATE name = "throughput" value="1"  type="INTEGER"  enable="1" />
     <PRIVATE name = "memory_units" value="0"  type="INTEGER"  enable="1" />
    </NAMESPACE>
    <NAMESPACE name = "simgen_enable">
     <PRIVATE name = "matlab_enable" value="1"  type="BOOLEAN"  enable="1" />
     <PRIVATE name = "testbench_enable" value="1"  type="BOOLEAN"  enable="1" />
     <PRIVATE name = "testbench_simulation_clock_period" value="14.2857142587"  type="STRING"  enable="1" />
     <PRIVATE name = "language" value="Verilog HDL"  type="STRING"  enable="1" />
     <PRIVATE name = "enabled" value="1"  type="BOOLEAN"  enable="1" />
    </NAMESPACE>
    <NAMESPACE name = "simgen">
     <PRIVATE name = "filename" value="fir_filter.vo"  type="STRING"  enable="1" />
    </NAMESPACE>
    <NAMESPACE name = "quartus_settings">
     <PRIVATE name = "DEVICE" value="EP2C70F896C6"  type="STRING"  enable="1" />
     <PRIVATE name = "FAMILY" value="Cyclone II"  type="STRING"  enable="1" />
    </NAMESPACE>
    <NAMESPACE name = "serializer"/>
   </PRIVATES>
   <FILES/>
   <PORTS/>
   <LIBRARIES/>
  </STATIC_SECTION>
 </NETLIST_SECTION>
</MEGACORE>
